<?xml version="1.0" encoding="UTF-8"?>
<testsuite xmlns:xsi="http://www.w3.org/2001/XMLSchema-instance" xsi:noNamespaceSchemaLocation="https://maven.apache.org/surefire/maven-surefire-plugin/xsd/surefire-test-report-3.0.xsd" version="3.0" name="com.assadosman.Trading.App.controllers.UsersControllerIntegrationTest" time="0.673" tests="2" errors="0" skipped="0" failures="0">
  <properties>
[...]
</properties>
  <testcase name="getUser" classname="com.assadosman.Trading.App.controllers.UsersControllerIntegrationTest" time="0.084">
    <system-out><![CDATA[2025-09-01T11:42:34.586+01:00  INFO 61777 --- [           main] t.c.s.AnnotationConfigContextLoaderUtils : Could not detect default configuration classes for test class [com.assadosman.Trading.App.controllers.UsersControllerIntegrationTest]: UsersControllerIntegrationTest does not declare any static, non-private, non-final, nested classes annotated with @Configuration.
2025-09-01T11:42:34.587+01:00  INFO 61777 --- [           main] .b.t.c.SpringBootTestContextBootstrapper : Found @SpringBootConfiguration com.assadosman.Trading.App.TradingAppApplication for test class com.assadosman.Trading.App.controllers.UsersControllerIntegrationTest

  .   ____          _            __ _ _
 /\\ / ___'_ __ _ _(_)_ __  __ _ \ \ \ \
( ( )\___ | '_ | '_| | '_ \/ _` | \ \ \ \
 \\/  ___)| |_)| | | | | || (_| |  ) ) ) )
  '  |____| .__|_| |_|_| |_\__, | / / / /
 =========|_|==============|___/=/_/_/_/

 :: Spring Boot ::                (v3.3.2)

2025-09-01T11:42:34.602+01:00  INFO 61777 --- [           main] c.a.T.A.c.UsersControllerIntegrationTest : Starting UsersControllerIntegrationTest using Java 22.0.2 with PID 61777 (started by mac in /Users/mac/Desktop/TradingApp/trading-app-backend)
2025-09-01T11:42:34.603+01:00  INFO 61777 --- [           main] c.a.T.A.c.UsersControllerIntegrationTest : No active profile set, falling back to 1 default profile: "default"
2025-09-01T11:42:34.688+01:00  INFO 61777 --- [           main] .s.d.r.c.RepositoryConfigurationDelegate : Bootstrapping Spring Data JPA repositories in DEFAULT mode.
2025-09-01T11:42:34.695+01:00  INFO 61777 --- [           main] .s.d.r.c.RepositoryConfigurationDelegate : Finished Spring Data repository scanning in 6 ms. Found 3 JPA repository interfaces.
2025-09-01T11:42:34.724+01:00  INFO 61777 --- [           main] o.hibernate.jpa.internal.util.LogHelper  : HHH000204: Processing PersistenceUnitInfo [name: default]
2025-09-01T11:42:34.725+01:00  INFO 61777 --- [           main] o.h.c.internal.RegionFactoryInitiator    : HHH000026: Second-level cache disabled
2025-09-01T11:42:34.730+01:00  INFO 61777 --- [           main] o.s.o.j.p.SpringPersistenceUnitInfo      : No LoadTimeWeaver setup: ignoring JPA class transformer
2025-09-01T11:42:34.731+01:00  INFO 61777 --- [           main] com.zaxxer.hikari.HikariDataSource       : HikariPool-5 - Starting...
2025-09-01T11:42:34.734+01:00  INFO 61777 --- [           main] com.zaxxer.hikari.pool.HikariPool        : HikariPool-5 - Added connection com.mysql.cj.jdbc.ConnectionImpl@47585784
2025-09-01T11:42:34.734+01:00  INFO 61777 --- [           main] com.zaxxer.hikari.HikariDataSource       : HikariPool-5 - Start completed.
2025-09-01T11:42:34.735+01:00  WARN 61777 --- [           main] org.hibernate.dialect.Dialect            : HHH000511: The 5.5.5 version for [org.hibernate.dialect.MySQLDialect] is no longer supported, hence certain features may not work properly. The minimum supported version is 8.0.0. Check the community dialects project for available legacy versions.
2025-09-01T11:42:34.772+01:00  INFO 61777 --- [           main] o.h.e.t.j.p.i.JtaPlatformInitiator       : HHH000489: No JTA platform available (set 'hibernate.transaction.jta.platform' to enable JTA platform integration)
2025-09-01T11:42:34.787+01:00  INFO 61777 --- [           main] j.LocalContainerEntityManagerFactoryBean : Initialized JPA EntityManagerFactory for persistence unit 'default'
2025-09-01T11:42:34.824+01:00  WARN 61777 --- [           main] JpaBaseConfiguration$JpaWebConfiguration : spring.jpa.open-in-view is enabled by default. Therefore, database queries may be performed during view rendering. Explicitly configure spring.jpa.open-in-view to disable this warning
2025-09-01T11:42:34.861+01:00  INFO 61777 --- [           main] o.s.b.t.m.w.SpringBootMockServletContext : Initializing Spring TestDispatcherServlet ''
2025-09-01T11:42:34.861+01:00  INFO 61777 --- [           main] o.s.t.web.servlet.TestDispatcherServlet  : Initializing Servlet ''
2025-09-01T11:42:34.861+01:00  INFO 61777 --- [           main] o.s.t.web.servlet.TestDispatcherServlet  : Completed initialization in 0 ms
2025-09-01T11:42:34.864+01:00  INFO 61777 --- [           main] c.a.T.A.c.UsersControllerIntegrationTest : Started UsersControllerIntegrationTest in 0.275 seconds (process running for 6.991)
Hibernate: 
    select
        u1_0.userid,
        u1_0.dob,
        u1_0.balance,
        u1_0.email,
        u1_0.first_name,
        u1_0.hashed_password,
        u1_0.last_name 
    from
        users u1_0 
    where
        u1_0.email=?
Hibernate: 
    select
        u1_0.userid,
        u1_0.dob,
        u1_0.balance,
        u1_0.email,
        u1_0.first_name,
        u1_0.hashed_password,
        u1_0.last_name 
    from
        users u1_0 
    where
        u1_0.userid=?
Hibernate: 
    insert 
    into
        users
        (dob, balance, email, first_name, hashed_password, last_name) 
    values
        (?, ?, ?, ?, ?, ?)
Hibernate: 
    select
        u1_0.userid,
        u1_0.dob,
        u1_0.balance,
        u1_0.email,
        u1_0.first_name,
        u1_0.hashed_password,
        u1_0.last_name 
    from
        users u1_0 
    where
        u1_0.email=?
2025-09-01T11:42:34.926+01:00  INFO 61777 --- [           main] j.LocalContainerEntityManagerFactoryBean : Closing JPA EntityManagerFactory for persistence unit 'default'
2025-09-01T11:42:34.927+01:00  INFO 61777 --- [           main] com.zaxxer.hikari.HikariDataSource       : HikariPool-5 - Shutdown initiated...
2025-09-01T11:42:34.949+01:00  INFO 61777 --- [           main] com.zaxxer.hikari.HikariDataSource       : HikariPool-5 - Shutdown completed.
]]></system-out>
  </testcase>
  <testcase name="createUser" classname="com.assadosman.Trading.App.controllers.UsersControllerIntegrationTest" time="0.052">
    <system-out><![CDATA[
  .   ____          _            __ _ _
 /\\ / ___'_ __ _ _(_)_ __  __ _ \ \ \ \
( ( )\___ | '_ | '_| | '_ \/ _` | \ \ \ \
 \\/  ___)| |_)| | | | | || (_| |  ) ) ) )
  '  |____| .__|_| |_|_| |_\__, | / / / /
 =========|_|==============|___/=/_/_/_/

 :: Spring Boot ::                (v3.3.2)

2025-09-01T11:42:34.959+01:00  INFO 61777 --- [           main] c.a.T.A.c.UsersControllerIntegrationTest : Starting UsersControllerIntegrationTest using Java 22.0.2 with PID 61777 (started by mac in /Users/mac/Desktop/TradingApp/trading-app-backend)
2025-09-01T11:42:34.959+01:00  INFO 61777 --- [           main] c.a.T.A.c.UsersControllerIntegrationTest : No active profile set, falling back to 1 default profile: "default"
2025-09-01T11:42:35.032+01:00  INFO 61777 --- [           main] .s.d.r.c.RepositoryConfigurationDelegate : Bootstrapping Spring Data JPA repositories in DEFAULT mode.
2025-09-01T11:42:35.044+01:00  INFO 61777 --- [           main] .s.d.r.c.RepositoryConfigurationDelegate : Finished Spring Data repository scanning in 12 ms. Found 3 JPA repository interfaces.
2025-09-01T11:42:35.072+01:00  INFO 61777 --- [           main] o.hibernate.jpa.internal.util.LogHelper  : HHH000204: Processing PersistenceUnitInfo [name: default]
2025-09-01T11:42:35.073+01:00  INFO 61777 --- [           main] o.h.c.internal.RegionFactoryInitiator    : HHH000026: Second-level cache disabled
2025-09-01T11:42:35.079+01:00  INFO 61777 --- [           main] o.s.o.j.p.SpringPersistenceUnitInfo      : No LoadTimeWeaver setup: ignoring JPA class transformer
2025-09-01T11:42:35.079+01:00  INFO 61777 --- [           main] com.zaxxer.hikari.HikariDataSource       : HikariPool-6 - Starting...
2025-09-01T11:42:35.083+01:00  INFO 61777 --- [           main] com.zaxxer.hikari.pool.HikariPool        : HikariPool-6 - Added connection com.mysql.cj.jdbc.ConnectionImpl@84e1883
2025-09-01T11:42:35.083+01:00  INFO 61777 --- [           main] com.zaxxer.hikari.HikariDataSource       : HikariPool-6 - Start completed.
2025-09-01T11:42:35.084+01:00  WARN 61777 --- [           main] org.hibernate.dialect.Dialect            : HHH000511: The 5.5.5 version for [org.hibernate.dialect.MySQLDialect] is no longer supported, hence certain features may not work properly. The minimum supported version is 8.0.0. Check the community dialects project for available legacy versions.
2025-09-01T11:42:35.120+01:00  INFO 61777 --- [           main] o.h.e.t.j.p.i.JtaPlatformInitiator       : HHH000489: No JTA platform available (set 'hibernate.transaction.jta.platform' to enable JTA platform integration)
2025-09-01T11:42:35.131+01:00  INFO 61777 --- [           main] j.LocalContainerEntityManagerFactoryBean : Initialized JPA EntityManagerFactory for persistence unit 'default'
2025-09-01T11:42:35.166+01:00  WARN 61777 --- [           main] JpaBaseConfiguration$JpaWebConfiguration : spring.jpa.open-in-view is enabled by default. Therefore, database queries may be performed during view rendering. Explicitly configure spring.jpa.open-in-view to disable this warning
2025-09-01T11:42:35.198+01:00  INFO 61777 --- [           main] o.s.b.t.m.w.SpringBootMockServletContext : Initializing Spring TestDispatcherServlet ''
2025-09-01T11:42:35.198+01:00  INFO 61777 --- [           main] o.s.t.web.servlet.TestDispatcherServlet  : Initializing Servlet ''
2025-09-01T11:42:35.198+01:00  INFO 61777 --- [           main] o.s.t.web.servlet.TestDispatcherServlet  : Completed initialization in 0 ms
2025-09-01T11:42:35.204+01:00  INFO 61777 --- [           main] c.a.T.A.c.UsersControllerIntegrationTest : Started UsersControllerIntegrationTest in 0.254 seconds (process running for 7.331)
Hibernate: 
    select
        u1_0.userid,
        u1_0.dob,
        u1_0.balance,
        u1_0.email,
        u1_0.first_name,
        u1_0.hashed_password,
        u1_0.last_name 
    from
        users u1_0 
    where
        u1_0.email=?
Hibernate: 
    select
        u1_0.userid,
        u1_0.dob,
        u1_0.balance,
        u1_0.email,
        u1_0.first_name,
        u1_0.hashed_password,
        u1_0.last_name 
    from
        users u1_0 
    where
        u1_0.userid=?
Hibernate: 
    insert 
    into
        users
        (dob, balance, email, first_name, hashed_password, last_name) 
    values
        (?, ?, ?, ?, ?, ?)
2025-09-01T11:42:35.232+01:00  INFO 61777 --- [           main] j.LocalContainerEntityManagerFactoryBean : Closing JPA EntityManagerFactory for persistence unit 'default'
2025-09-01T11:42:35.233+01:00  INFO 61777 --- [           main] com.zaxxer.hikari.HikariDataSource       : HikariPool-6 - Shutdown initiated...
2025-09-01T11:42:35.257+01:00  INFO 61777 --- [           main] com.zaxxer.hikari.HikariDataSource       : HikariPool-6 - Shutdown completed.
]]></system-out>
  </testcase>
</testsuite>